New log file opened at Wed Oct 07 23:32:37 CEST 2015 by 10636@DESKTOP-3230JAH
Taking next connection to: 63732
New client attempting to connect on port: 63733-63732
  Address = /192.168.1.107:63732
This client on port 63733 has uuid dbcb6721-d3a7-427c-b728-17ec6be679d5 configName activator humanReadableName Activator protocolVersion 3 featureTags Vector()
Connected Clients: activator-dbcb6721-d3a7-427c-b728-17ec6be679d5
Taking next connection to: 63732
New client attempting to connect on port: 63734-63732
  Address = /192.168.1.107:63732
Handshake exception on socket: 63734
sbt.impl.ipc.HandshakeException: Unable to perform handshake
	at sbt.impl.ipc.Peer.handshake(IPC.scala:46)
	at sbt.impl.ipc.MultiClientServer.<init>(IPC.scala:150)
	at sbt.server.SbtServerSocketHandler$$anon$1.run(SbtServerSocketHandler.scala:43)
Caused by: java.net.SocketException: Software caused connection abort: recv failed
	at java.net.SocketInputStream.socketRead0(Native Method)
	at java.net.SocketInputStream.socketRead(SocketInputStream.java:116)
	at java.net.SocketInputStream.read(SocketInputStream.java:170)
	at java.net.SocketInputStream.read(SocketInputStream.java:141)
	at java.io.BufferedInputStream.fill(BufferedInputStream.java:246)
	at java.io.BufferedInputStream.read(BufferedInputStream.java:265)
	at java.io.DataInputStream.readInt(DataInputStream.java:387)
	at sbt.impl.ipc.Peer.receive(IPC.scala:95)
	at sbt.impl.ipc.Peer.handshake(IPC.scala:49)
	... 2 more
Taking next connection to: 63732
New client attempting to connect on port: 63735-63732
  Address = /192.168.1.107:63732
This client on port 63735 has uuid ac5ecc42-e12e-4d95-9478-e0bad8e74a0c configName activator humanReadableName Activator protocolVersion 3 featureTags Vector()
Connected Clients: activator-dbcb6721-d3a7-427c-b728-17ec6be679d5, activator-ac5ecc42-e12e-4d95-9478-e0bad8e74a0c
Taking next connection to: 63732
Checking to see if clients are empty...
No non-daemon clients connected after 3 min. Shutting down.
Server socket thread exiting.
0 clients open, will close them...
All client sockets have been closed.
Closing the 10636@DESKTOP-3230JAH logs at Wed Oct 07 23:35:37 CEST 2015, goodbye.
